------------------------------------------------------------------------------------------------------------------------------------------------------------------------------------------------------------
      name:  <unnamed>
       log:  C:\Users\hatho\Desktop\University Stuff\Economics\ECO375\Assignment 1\ECO375_WANG_William_Assignment_1.log
  log type:  text
 opened on:  25 Feb 2021, 02:59:00

. set more off

. 
. clear

. 
. display "ECO375_Assignment_1" _n "`surname' `firstname' `studentnumber'" _n c(current_date) c(current_time)
ECO375_Assignment_1
WANG William 
25 Feb 202102:59:00

. 
. use "Assignment01_Data.dta", clear

. 
. datasignature
  198:11(30960):747273576:2793224515

. 
. describe        

Contains data from Assignment01_Data.dta
  obs:           198                          
 vars:            11                          5 Feb 2021 15:32
------------------------------------------------------------------------------------------------------------------------------------------------------------------------------------------------------------
              storage   display    value
variable name   type    format     label      variable label
------------------------------------------------------------------------------------------------------------------------------------------------------------------------------------------------------------
dateWKbegin     float   %td                   Start Date of Week
week            float   %tw                   Year-Week
age             long    %8.0g      age        Age Group
cases_rate      float   %9.0g                 Weekly Cases (per Million)
cases_log       float   %9.0g                 Natural Log of Weekly Cases
lagvacc_per     float   %9.0g                 Lag Vaccination (%)
lagvacc_per2    float   %9.0g                 Lag Vaccination Squared
lagvacc_0       float   %9.0g                 Lag Vaccination: 0%
lagvacc_0_10    float   %9.0g                 Lag Vaccination: (0%-10%)
lagvacc_10_20   float   %9.0g                 Lag Vaccination: [10%-20%)
lagvacc_20_100  float   %9.0g                 Lag Vaccination: [20%-100%]
------------------------------------------------------------------------------------------------------------------------------------------------------------------------------------------------------------
Sorted by: age  week

. 
. sum cases_rate, detail 

                 Weekly Cases (per Million)
-------------------------------------------------------------
      Percentiles      Smallest
 1%     278.2243       262.2702
 5%     432.0176       278.2243
10%     520.8192       297.6805       Obs                 198
25%     825.0389       299.6262       Sum of Wgt.         198

50%     2018.889                      Mean           2598.147
                        Largest       Std. Dev.      2065.757
75%     3864.957       8183.164
90%     5814.903       8590.106       Variance        4267354
95%     6694.405       8649.626       Skewness       .9822357
99%     8649.626       9049.648       Kurtosis       3.247398

. sum cases_log, detail

                 Natural Log of Weekly Cases
-------------------------------------------------------------
      Percentiles      Smallest
 1%     4.770685       4.691348
 5%     5.451038       4.770685
10%     5.948035       4.828314       Obs                 198
25%     6.533789       4.844187       Sum of Wgt.         198

50%     7.288585                      Mean           7.343567
                        Largest       Std. Dev.      1.104857
75%     8.326033       9.392328
90%     8.756525       9.457278       Variance       1.220709
95%      9.02184        9.53806       Skewness      -.1737816
99%      9.53806       9.657331       Kurtosis       2.339472

. sum

    Variable |        Obs        Mean    Std. Dev.       Min        Max
-------------+---------------------------------------------------------
 dateWKbegin |        198     22230.5    44.52259      22157      22304
        week |        198      3164.5    6.360371       3154       3175
         age |        198           4    2.588534          0          8
  cases_rate |        198    2598.147    2065.757   262.2702   9049.648
   cases_log |        198    7.343567    1.104857   4.691348   9.657331
-------------+---------------------------------------------------------
 lagvacc_per |        198    4.433254    15.22428          0    86.4881
lagvacc_per2 |        198    250.2618     1094.51          0   7480.191
   lagvacc_0 |        198    .8383838    .3690314          0          1
lagvacc_0_10 |        198    .0606061    .2392111          0          1
lagvacc_1~20 |        198    .0353535    .1851399          0          1
-------------+---------------------------------------------------------
lagvacc_~100 |        198    .0656566    .2483086          0          1

. 
. reg cases_log lagvacc_per, robust

Linear regression                               Number of obs     =        198
                                                F(1, 196)         =       1.87
                                                Prob > F          =     0.1735
                                                R-squared         =     0.0039
                                                Root MSE          =     1.1055

------------------------------------------------------------------------------
             |               Robust
   cases_log |      Coef.   Std. Err.      t    P>|t|     [95% Conf. Interval]
-------------+----------------------------------------------------------------
 lagvacc_per |   .0045166    .003306     1.37   0.173    -.0020034    .0110365
       _cons |   7.323544   .0831829    88.04   0.000     7.159495    7.487592
------------------------------------------------------------------------------

. 
. test lagvacc_per == 0

 ( 1)  lagvacc_per = 0

       F(  1,   196) =    1.87
            Prob > F =    0.1735

. 
. twoway scatter cases_log lagvacc_per || lfit cases_log lagvacc_per

. 
. reg cases_log lagvacc_per i.week i.age, robust

Linear regression                               Number of obs     =        198
                                                F(30, 167)        =     484.95
                                                Prob > F          =     0.0000
                                                R-squared         =     0.9853
                                                Root MSE          =     .14538

------------------------------------------------------------------------------
             |               Robust
   cases_log |      Coef.   Std. Err.      t    P>|t|     [95% Conf. Interval]
-------------+----------------------------------------------------------------
 lagvacc_per |  -.0057974   .0011345    -5.11   0.000    -.0080372   -.0035576
             |
        week |
       3155  |   .3871146   .1089571     3.55   0.000     .1720039    .6022254
       3156  |   .6999702   .1014962     6.90   0.000     .4995891    .9003512
       3157  |   1.017811   .0880308    11.56   0.000     .8440143    1.191608
       3158  |   .9974344    .077151    12.93   0.000     .8451173    1.149751
       3159  |   .6502206   .0873131     7.45   0.000     .4778408    .8226003
       3160  |  -.1001395   .0848201    -1.18   0.239    -.2675973    .0673183
       3161  |  -.7260257   .0826374    -8.79   0.000    -.8891743   -.5628771
       3162  |  -1.147822   .0758809   -15.13   0.000    -1.297631   -.9980126
       3163  |  -1.164281   .0805499   -14.45   0.000    -1.323308   -1.005253
       3164  |  -1.148024   .0814352   -14.10   0.000      -1.3088   -.9872492
       3165  |  -1.058696   .0795885   -13.30   0.000    -1.215825   -.9015664
       3166  |  -.8599854    .080841   -10.64   0.000    -1.019587   -.7003833
       3167  |  -.4608992   .0794394    -5.80   0.000    -.6177342   -.3040643
       3168  |  -.1961716    .076525    -2.56   0.011    -.3472527   -.0450905
       3169  |   .1670387   .0728832     2.29   0.023     .0231475    .3109299
       3170  |   .5429636   .0749861     7.24   0.000     .3949207    .6910064
       3171  |   .8499198   .0802729    10.59   0.000     .6914393      1.0084
       3172  |   1.205299   .0791328    15.23   0.000     1.049069    1.361529
       3173  |    1.41814   .0914405    15.51   0.000     1.237612    1.598668
       3174  |   1.309996   .1002551    13.07   0.000     1.112065    1.507926
       3175  |   1.200086   .1017808    11.79   0.000      .999143    1.401029
             |
         age |
      15-19  |  -.4400148   .0615581    -7.15   0.000    -.5615472   -.3184824
      20-29  |  -.0302479   .0463326    -0.65   0.515    -.1217211    .0612252
      30-39  |  -.3023669    .045174    -6.69   0.000    -.3915526   -.2131812
      40-49  |  -.3980066   .0460235    -8.65   0.000    -.4888695   -.3071437
      50-59  |  -.6554999    .044942   -14.59   0.000    -.7442275   -.5667723
      60-69  |  -1.015151    .042671   -23.79   0.000    -1.099396   -.9309074
      70-79  |   -1.65868   .0524506   -31.62   0.000    -1.762231   -1.555128
        80+  |  -2.042018   .0638219   -32.00   0.000     -2.16802   -1.916016
             |
       _cons |   7.933249   .0777252   102.07   0.000     7.779798    8.086699
------------------------------------------------------------------------------

. 
. reg cases_log lagvacc_per lagvacc_per2 i.week i.age, robust

Linear regression                               Number of obs     =        198
                                                F(31, 166)        =     528.66
                                                Prob > F          =     0.0000
                                                R-squared         =     0.9857
                                                Root MSE          =      .1438

------------------------------------------------------------------------------
             |               Robust
   cases_log |      Coef.   Std. Err.      t    P>|t|     [95% Conf. Interval]
-------------+----------------------------------------------------------------
 lagvacc_per |  -.0134144   .0037725    -3.56   0.000    -.0208628    -.005966
lagvacc_per2 |   .0000967   .0000413     2.34   0.020     .0000151    .0001782
             |
        week |
       3155  |   .3871146   .1101925     3.51   0.001     .1695551    .6046741
       3156  |   .6999702   .1025644     6.82   0.000     .4974714     .902469
       3157  |   1.017811   .0886454    11.48   0.000     .8427933    1.192829
       3158  |   .9974344   .0778789    12.81   0.000     .8436736    1.151195
       3159  |   .6502206   .0880921     7.38   0.000     .4762953    .8241458
       3160  |  -.1001395   .0858537    -1.17   0.245    -.2696453    .0693663
       3161  |  -.7260257   .0834777    -8.70   0.000    -.8908406   -.5612108
       3162  |  -1.147822   .0761981   -15.06   0.000    -1.298264   -.9973796
       3163  |  -1.164281   .0802646   -14.51   0.000    -1.322752    -1.00581
       3164  |  -1.148024   .0814454   -14.10   0.000    -1.308827    -.987222
       3165  |  -1.058696   .0794126   -13.33   0.000    -1.215485   -.9019067
       3166  |  -.8599854   .0808243   -10.64   0.000    -1.019561   -.7004093
       3167  |  -.4608992   .0794047    -5.80   0.000    -.6176726   -.3041259
       3168  |  -.1961716   .0763882    -2.57   0.011    -.3469893   -.0453539
       3169  |   .1670387   .0730817     2.29   0.024     .0227493    .3113281
       3170  |   .5429636   .0754849     7.19   0.000     .3939293    .6919978
       3171  |   .8499198   .0814153    10.44   0.000      .689177    1.010663
       3172  |    1.24028   .0814689    15.22   0.000     1.079432    1.401129
       3173  |   1.490374   .1054415    14.13   0.000     1.282194    1.698553
       3174  |   1.363721   .1056874    12.90   0.000     1.155056    1.572385
       3175  |   1.249797   .1069036    11.69   0.000     1.038732    1.460863
             |
         age |
      15-19  |   -.437979   .0597757    -7.33   0.000    -.5559976   -.3199604
      20-29  |  -.0233398   .0433041    -0.54   0.591    -.1088375     .062158
      30-39  |  -.2922038   .0413061    -7.07   0.000    -.3737569   -.2106506
      40-49  |  -.3828524   .0420998    -9.09   0.000    -.4659725   -.2997323
      50-59  |  -.6363954   .0414335   -15.36   0.000       -.7182   -.5545908
      60-69  |  -.9975742   .0398444   -25.04   0.000    -1.076241   -.9189072
      70-79  |  -1.653272   .0505714   -32.69   0.000    -1.753118   -1.553426
        80+  |  -2.032193   .0623651   -32.59   0.000    -2.155324   -1.909062
             |
       _cons |   7.923674   .0769962   102.91   0.000     7.771656    8.075692
------------------------------------------------------------------------------

. 
. reg cases_log lagvacc_0_10 lagvacc_10_20 lagvacc_20_100 i.week i.age, robust

Linear regression                               Number of obs     =        198
                                                F(32, 165)        =     836.80
                                                Prob > F          =     0.0000
                                                R-squared         =     0.9874
                                                Root MSE          =     .13574

--------------------------------------------------------------------------------
               |               Robust
     cases_log |      Coef.   Std. Err.      t    P>|t|     [95% Conf. Interval]
---------------+----------------------------------------------------------------
  lagvacc_0_10 |  -.4550193   .0537896    -8.46   0.000    -.5612239   -.3488147
 lagvacc_10_20 |  -.5430955    .051606   -10.52   0.000    -.6449887   -.4412024
lagvacc_20_100 |  -.6761747   .0559218   -12.09   0.000    -.7865892   -.5657601
               |
          week |
         3155  |   .3871146   .1055708     3.67   0.000     .1786708    .5955585
         3156  |   .6999702    .098487     7.11   0.000      .505513    .8944274
         3157  |   1.017811   .0829737    12.27   0.000     .8539839    1.181638
         3158  |   .9974344   .0743048    13.42   0.000     .8507235    1.144145
         3159  |   .6502206   .0873497     7.44   0.000     .4777532    .8226879
         3160  |  -.1001395   .0854111    -1.17   0.243    -.2687791       .0685
         3161  |  -.7260257   .0802906    -9.04   0.000    -.8845551   -.5674963
         3162  |  -1.147822   .0723315   -15.87   0.000    -1.290637   -1.005007
         3163  |  -1.164281   .0743113   -15.67   0.000    -1.311004   -1.017557
         3164  |  -1.148024   .0768164   -14.95   0.000    -1.299694   -.9963545
         3165  |  -1.058696   .0738428   -14.34   0.000    -1.204494    -.912897
         3166  |  -.8599854   .0757622   -11.35   0.000    -1.009574   -.7103971
         3167  |  -.4608992   .0755453    -6.10   0.000    -.6100594   -.3117391
         3168  |  -.1961716   .0726069    -2.70   0.008    -.3395299   -.0528133
         3169  |   .1670387   .0700089     2.39   0.018       .02881    .3052674
         3170  |   .5429636   .0733513     7.40   0.000     .3981353    .6877918
         3171  |   .8499198   .0803675    10.58   0.000     .6912385    1.008601
         3172  |   1.607354   .0799351    20.11   0.000     1.449527    1.765182
         3173  |   1.792187   .0775545    23.11   0.000      1.63906    1.945315
         3174  |   1.651936   .0784177    21.07   0.000     1.497104    1.806768
         3175  |   1.522411   .0825247    18.45   0.000      1.35947    1.685351
               |
           age |
        15-19  |  -.3588792   .0586761    -6.12   0.000     -.474732   -.2430263
        20-29  |   .0466429   .0391547     1.19   0.235    -.0306659    .1239518
        30-39  |  -.2207126    .037914    -5.82   0.000    -.2955717   -.1458535
        40-49  |  -.3067294   .0391499    -7.83   0.000    -.3840288     -.22943
        50-59  |  -.5753782   .0379907   -15.15   0.000    -.6503889   -.5003676
        60-69  |  -.9478091    .037432   -25.32   0.000    -1.021717   -.8739017
        70-79  |  -1.606745   .0482409   -33.31   0.000    -1.701994   -1.511496
          80+  |  -1.983133   .0600736   -33.01   0.000    -2.101745   -1.864521
               |
         _cons |   7.867777   .0701405   112.17   0.000     7.729289    8.006266
--------------------------------------------------------------------------------

. 
end of do-file

. exit, clear
